<?xml version="1.0" encoding="UTF-8"?>
<!-- Generated by org.testng.reporters.JUnitReportReporter -->
<testsuite hostname="LAPTOP-762K9LVG" failures="0" tests="2" name="test.GetAPITest" time="0.990" errors="0" timestamp="10 Feb 2020 16:51:30 GMT" skipped="0">
  <testcase classname="test.GetAPITest" name="getAPITestWithHeaders" time="0.763"/>
  <testcase classname="test.GetAPITest" name="getAPITestWithoutHeaders" time="0.227"/>
</testsuite> <!-- test.GetAPITest -->
