<?xml version="1.0" encoding="UTF-8"?>
<!-- Generated by org.testng.reporters.JUnitReportReporter -->
<testsuite hostname="LAPTOP-762K9LVG" failures="0" tests="1" name="test.PostAPITest" time="1.643" errors="0" timestamp="16 Feb 2020 10:42:34 GMT" skipped="0">
  <testcase classname="test.PostAPITest" name="postAPITest" time="1.643"/>
</testsuite> <!-- test.PostAPITest -->
